2024-12-09T20:35:20.939067: Configuration with ID 12 saved successfully.
2024-12-09T20:35:24.785656: Configuration loaded
2024-12-09T20:35:35.507459: System stopped
2024-12-09T20:35:38.171308: Configuration loaded
2024-12-09T22:35:01.341912: Configuration with ID 13 saved successfully.
2024-12-09T22:35:04.656918: Configuration loaded
2024-12-09T22:42:25.314416: Configuration loaded
2024-12-09T22:42:26.515132: Ticket reserved successfully
2024-12-09T22:42:26.525410: Configuration loaded
2024-12-09T22:43:19.769841: Ticket reserved successfully
2024-12-09T22:43:19.781859: Configuration loaded
2024-12-09T22:43:33.402351: Configuration with ID 14 saved successfully.
2024-12-10T00:04:15.640049: Configuration with ID 15 saved successfully.
2024-12-10T00:04:19.410306: Configuration loaded
2024-12-10T00:04:21.184125: Ticket reserved successfully
2024-12-10T00:04:21.192993: Configuration loaded
2024-12-10T00:04:24.024012: Ticket reserved successfully
2024-12-10T00:04:24.033950: Configuration loaded
2024-12-10T00:04:47.132015: Configuration with ID 16 saved successfully.
2024-12-10T00:04:53.835666: System stopped
2024-12-10T00:04:59.486785: Configuration loaded
2024-12-10T12:54:29.045935: Configuration with ID 17 saved successfully.
2024-12-10T12:54:41.337274: Configuration loaded
2024-12-10T12:54:44.363236: Ticket reserved successfully
2024-12-10T12:54:44.374259: Configuration loaded
2024-12-10T12:57:15.908471: System stopped
2024-12-10T16:24:31.889992: Configuration loaded
2024-12-10T17:21:12.157438: Configuration with ID 18 saved successfully.
2024-12-10T17:28:30.575034: Configuration with ID 19 saved successfully.
2024-12-10T17:28:59.920859: Configuration with ID 20 saved successfully.
2024-12-10T17:29:02.523476: System stopped
2024-12-10T17:29:04.871016: Configuration loaded
2024-12-10T17:42:33.184184: Configuration loaded
2024-12-10T17:42:34.965726: Ticket reserved successfully
2024-12-10T17:42:34.992087: Configuration loaded
2024-12-10T17:44:11.852378: Configuration with ID 21 saved successfully.
2024-12-10T17:44:14.210560: System stopped
2024-12-10T17:44:17.264114: Configuration loaded
2024-12-10T17:44:19.373874: Ticket reserved successfully
2024-12-10T17:44:19.382670: Configuration loaded
2024-12-10T17:44:22.692231: Ticket reserved successfully
2024-12-10T17:44:22.702009: Configuration loaded
2024-12-10T17:44:24.556680: Ticket reserved successfully
2024-12-10T17:44:24.567240: Configuration loaded
2024-12-10T17:44:26.479366: Ticket reserved successfully
2024-12-10T17:44:26.488211: Configuration loaded
2024-12-10T17:44:28.541434: Ticket reserved successfully
2024-12-10T17:44:28.551157: Configuration loaded
2024-12-10T17:44:30.570048: Ticket reserved successfully
2024-12-10T17:44:30.578301: Configuration loaded
2024-12-10T17:44:32.821633: Ticket reserved successfully
2024-12-10T17:44:32.830699: Configuration loaded
2024-12-10T17:44:34.707044: Ticket reserved successfully
2024-12-10T17:44:34.717344: Configuration loaded
2024-12-10T17:44:36.773585: Ticket reserved successfully
2024-12-10T17:44:36.782517: Configuration loaded
2024-12-10T17:44:39.256896: Ticket reserved successfully
2024-12-10T17:44:39.265677: Configuration loaded
2024-12-10T18:17:36.898662: Configuration with ID 22 saved successfully.
2024-12-10T18:17:40.510464: System stopped
2024-12-10T18:17:43.442492: Configuration loaded
2024-12-10T18:17:45.429513: Ticket reserved successfully
2024-12-10T18:17:45.439150: Configuration loaded
2024-12-10T18:43:08.531337 [INFO]: Configuration with ID 23 saved successfully.
2024-12-10T18:43:16.802097 [INFO]: System stopped
2024-12-10T18:43:16.803238 [INFO]: System stopped
2024-12-10T18:43:19.721272 [INFO]: Configuration loaded
2024-12-10T18:43:22.580522 [WARNING]: No tickets available for event: d
2024-12-10T18:48:31.072827 [INFO]: Configuration with ID 24 saved successfully.
2024-12-10T18:48:38.263909 [INFO]: System stopped
2024-12-10T18:48:41.500458 [INFO]: Configuration loaded
2024-12-10T18:48:43.593992 [WARNING]: No tickets available for event: w
2024-12-10T18:48:48.654205 [WARNING]: No tickets available for event: Concert
2024-12-10T18:49:40.950665 [INFO]: Ticket reserved successfully
2024-12-10T18:49:40.993197 [INFO]: Configuration loaded
2024-12-10T18:49:55.041963 [INFO]: Ticket reserved successfully
2024-12-10T18:49:55.055194 [INFO]: Configuration loaded
2024-12-10T18:50:02.408664 [INFO]: Ticket reserved successfully
2024-12-10T18:50:02.419401 [INFO]: Configuration loaded
2024-12-10T18:50:04.755337 [INFO]: Ticket reserved successfully
2024-12-10T18:50:04.766674 [INFO]: Configuration loaded
2024-12-10T18:50:10.510791 [INFO]: Ticket reserved successfully
2024-12-10T18:50:10.522046 [INFO]: Configuration loaded
2024-12-10T19:15:14.128696 [INFO]: Configuration loaded
2024-12-10T19:15:15.738873 [INFO]: Ticket reserved successfully
2024-12-10T19:15:15.750466 [INFO]: Configuration loaded
2024-12-10T19:15:18.489544 [INFO]: Ticket reserved successfully
2024-12-10T19:15:18.507648 [INFO]: Configuration loaded
2024-12-10T19:15:22.323574 [INFO]: Ticket reserved successfully
2024-12-10T19:15:22.333463 [INFO]: Configuration loaded
2024-12-10T19:43:06.889425 [INFO]: Ticket reserved successfully
2024-12-10T19:43:06.902015 [INFO]: Configuration loaded
2024-12-10T19:48:02.081883 [INFO]: Ticket reserved successfully
2024-12-10T19:48:02.101271 [INFO]: Configuration loaded
2024-12-10T19:50:01.588531 [INFO]: Configuration with ID 25 saved successfully.
2024-12-10T19:50:06.412092 [INFO]: System stopped
2024-12-10T19:50:08.449467 [INFO]: Configuration loaded
2024-12-10T19:50:10.570760 [INFO]: Ticket reserved successfully
2024-12-10T19:50:10.579724 [INFO]: Configuration loaded
2024-12-10T22:10:21.146016 [INFO]: Ticket reserved successfully
2024-12-10T22:10:21.158010 [INFO]: Configuration loaded
2024-12-10T23:06:43.927228 [INFO]: Ticket reserved successfully
2024-12-10T23:06:43.940993 [INFO]: Configuration loaded
2024-12-10T23:19:31.348121 [INFO]: Ticket reserved successfully
2024-12-10T23:19:31.359882 [INFO]: Configuration loaded
2024-12-10T23:55:11.420773 [INFO]: Ticket reserved successfully
2024-12-10T23:55:11.432023 [INFO]: Configuration loaded
